<?xml version="1.0" encoding="UTF-8"?>
<testsuites>
  <testsuite name="fastlane.lanes">
    
    
    
      
      <testcase classname="fastlane.lanes" name="0: create_xcframework" time="3.210151">
        
          <failure message="/Users/borisbielik/.rbenv/versions/3.1.2/lib/ruby/gems/3.1.0/gems/fastlane-2.208.0/fastlane/lib/fastlane/actions/actions_helper.rb:67:in `execute_action&apos;&#10;/Users/borisbielik/.rbenv/versions/3.1.2/lib/ruby/gems/3.1.0/gems/fastlane-2.208.0/fastlane/lib/fastlane/runner.rb:255:in `block in execute_action&apos;&#10;/Users/borisbielik/.rbenv/versions/3.1.2/lib/ruby/gems/3.1.0/gems/fastlane-2.208.0/fastlane/lib/fastlane/runner.rb:229:in `chdir&apos;&#10;/Users/borisbielik/.rbenv/versions/3.1.2/lib/ruby/gems/3.1.0/gems/fastlane-2.208.0/fastlane/lib/fastlane/runner.rb:229:in `execute_action&apos;&#10;/Users/borisbielik/.rbenv/versions/3.1.2/lib/ruby/gems/3.1.0/gems/fastlane-2.208.0/fastlane/lib/fastlane/runner.rb:157:in `trigger_action_by_name&apos;&#10;/Users/borisbielik/.rbenv/versions/3.1.2/lib/ruby/gems/3.1.0/gems/fastlane-2.208.0/fastlane/lib/fastlane/fast_file.rb:159:in `method_missing&apos;&#10;Fastfile:4:in `block in parsing_binding&apos;&#10;/Users/borisbielik/.rbenv/versions/3.1.2/lib/ruby/gems/3.1.0/gems/fastlane-2.208.0/fastlane/lib/fastlane/lane.rb:33:in `call&apos;&#10;/Users/borisbielik/.rbenv/versions/3.1.2/lib/ruby/gems/3.1.0/gems/fastlane-2.208.0/fastlane/lib/fastlane/runner.rb:49:in `block in execute&apos;&#10;/Users/borisbielik/.rbenv/versions/3.1.2/lib/ruby/gems/3.1.0/gems/fastlane-2.208.0/fastlane/lib/fastlane/runner.rb:45:in `chdir&apos;&#10;/Users/borisbielik/.rbenv/versions/3.1.2/lib/ruby/gems/3.1.0/gems/fastlane-2.208.0/fastlane/lib/fastlane/runner.rb:45:in `execute&apos;&#10;/Users/borisbielik/.rbenv/versions/3.1.2/lib/ruby/gems/3.1.0/gems/fastlane-2.208.0/fastlane/lib/fastlane/lane_manager.rb:47:in `cruise_lane&apos;&#10;/Users/borisbielik/.rbenv/versions/3.1.2/lib/ruby/gems/3.1.0/gems/fastlane-2.208.0/fastlane/lib/fastlane/command_line_handler.rb:36:in `handle&apos;&#10;/Users/borisbielik/.rbenv/versions/3.1.2/lib/ruby/gems/3.1.0/gems/fastlane-2.208.0/fastlane/lib/fastlane/commands_generator.rb:110:in `block (2 levels) in run&apos;&#10;/Users/borisbielik/.rbenv/versions/3.1.2/lib/ruby/gems/3.1.0/gems/commander-4.6.0/lib/commander/command.rb:187:in `call&apos;&#10;/Users/borisbielik/.rbenv/versions/3.1.2/lib/ruby/gems/3.1.0/gems/commander-4.6.0/lib/commander/command.rb:157:in `run&apos;&#10;/Users/borisbielik/.rbenv/versions/3.1.2/lib/ruby/gems/3.1.0/gems/commander-4.6.0/lib/commander/runner.rb:444:in `run_active_command&apos;&#10;/Users/borisbielik/.rbenv/versions/3.1.2/lib/ruby/gems/3.1.0/gems/fastlane-2.208.0/fastlane_core/lib/fastlane_core/ui/fastlane_runner.rb:124:in `run!&apos;&#10;/Users/borisbielik/.rbenv/versions/3.1.2/lib/ruby/gems/3.1.0/gems/commander-4.6.0/lib/commander/delegates.rb:18:in `run!&apos;&#10;/Users/borisbielik/.rbenv/versions/3.1.2/lib/ruby/gems/3.1.0/gems/fastlane-2.208.0/fastlane/lib/fastlane/commands_generator.rb:354:in `run&apos;&#10;/Users/borisbielik/.rbenv/versions/3.1.2/lib/ruby/gems/3.1.0/gems/fastlane-2.208.0/fastlane/lib/fastlane/commands_generator.rb:43:in `start&apos;&#10;/Users/borisbielik/.rbenv/versions/3.1.2/lib/ruby/gems/3.1.0/gems/fastlane-2.208.0/fastlane/lib/fastlane/cli_tools_distributor.rb:123:in `take_off&apos;&#10;/Users/borisbielik/.rbenv/versions/3.1.2/lib/ruby/gems/3.1.0/gems/fastlane-2.208.0/bin/fastlane:23:in `&lt;top (required)&gt;&apos;&#10;/Users/borisbielik/.rbenv/versions/3.1.2/bin/fastlane:25:in `load&apos;&#10;/Users/borisbielik/.rbenv/versions/3.1.2/bin/fastlane:25:in `&lt;top (required)&gt;&apos;&#10;/Users/borisbielik/.rbenv/versions/3.1.2/lib/ruby/gems/3.1.0/gems/bundler-2.2.30/lib/bundler/cli/exec.rb:58:in `load&apos;&#10;/Users/borisbielik/.rbenv/versions/3.1.2/lib/ruby/gems/3.1.0/gems/bundler-2.2.30/lib/bundler/cli/exec.rb:58:in `kernel_load&apos;&#10;/Users/borisbielik/.rbenv/versions/3.1.2/lib/ruby/gems/3.1.0/gems/bundler-2.2.30/lib/bundler/cli/exec.rb:23:in `run&apos;&#10;/Users/borisbielik/.rbenv/versions/3.1.2/lib/ruby/gems/3.1.0/gems/bundler-2.2.30/lib/bundler/cli.rb:478:in `exec&apos;&#10;/Users/borisbielik/.rbenv/versions/3.1.2/lib/ruby/gems/3.1.0/gems/bundler-2.2.30/lib/bundler/vendor/thor/lib/thor/command.rb:27:in `run&apos;&#10;/Users/borisbielik/.rbenv/versions/3.1.2/lib/ruby/gems/3.1.0/gems/bundler-2.2.30/lib/bundler/vendor/thor/lib/thor/invocation.rb:127:in `invoke_command&apos;&#10;/Users/borisbielik/.rbenv/versions/3.1.2/lib/ruby/gems/3.1.0/gems/bundler-2.2.30/lib/bundler/vendor/thor/lib/thor.rb:392:in `dispatch&apos;&#10;/Users/borisbielik/.rbenv/versions/3.1.2/lib/ruby/gems/3.1.0/gems/bundler-2.2.30/lib/bundler/cli.rb:31:in `dispatch&apos;&#10;/Users/borisbielik/.rbenv/versions/3.1.2/lib/ruby/gems/3.1.0/gems/bundler-2.2.30/lib/bundler/vendor/thor/lib/thor/base.rb:485:in `start&apos;&#10;/Users/borisbielik/.rbenv/versions/3.1.2/lib/ruby/gems/3.1.0/gems/bundler-2.2.30/lib/bundler/cli.rb:25:in `start&apos;&#10;/Users/borisbielik/.rbenv/versions/3.1.2/lib/ruby/gems/3.1.0/gems/bundler-2.2.30/exe/bundle:49:in `block in &lt;top (required)&gt;&apos;&#10;/Users/borisbielik/.rbenv/versions/3.1.2/lib/ruby/gems/3.1.0/gems/bundler-2.2.30/lib/bundler/friendly_errors.rb:103:in `with_friendly_errors&apos;&#10;/Users/borisbielik/.rbenv/versions/3.1.2/lib/ruby/gems/3.1.0/gems/bundler-2.2.30/exe/bundle:37:in `&lt;top (required)&gt;&apos;&#10;/Users/borisbielik/.rbenv/versions/3.1.2/bin/bundle:25:in `load&apos;&#10;/Users/borisbielik/.rbenv/versions/3.1.2/bin/bundle:25:in `&lt;main&gt;&apos;&#10;&#10;Exit status of command &apos;set -o pipefail &amp;&amp; xcodebuild -workspace &quot;XCFrameworks.xcworkspace&quot; -scheme &quot;DynamicFramework&quot; SKIP_INSTALL=NO BUILD_LIBRARY_FOR_DISTRIBUTION=YES OTHER_CFLAGS=&quot;-fembed-bitcode&quot; BITCODE_GENERATION_MODE=&quot;bitcode&quot; ENABLE_BITCODE=YES -destination &quot;generic/platform=iOS&quot; -archivePath &quot;Products/xcframeworks/archives/0_DynamicFramework.xcarchive&quot; archive | tee &apos;/Users/borisbielik/Library/Logs/fastlane/xcbuild/2022-07-26/6428/xcodebuild.log&apos; | xcpretty --color --simple&apos; was 74 instead of 0.&#10;Calling `DidYouMean::SPELL_CHECKERS.merge!(error_name =&gt; spell_checker)&apos; has been deprecated. Please call `DidYouMean.correct_error(error_name, spell_checker)&apos; instead.&#10;2022-07-26 11:40:58.307 xcodebuild[6447:344682] Requested but did not find extension point with identifier Xcode.IDEKit.ExtensionSentinelHostApplications for extension Xcode.DebuggerFoundation.AppExtensionHosts.watchOS of plug-in com.apple.dt.IDEWatchSupportCore&#10;2022-07-26 11:40:58.307 xcodebuild[6447:344682] Requested but did not find extension point with identifier Xcode.IDEKit.ExtensionPointIdentifierToBundleIdentifier for extension Xcode.DebuggerFoundation.AppExtensionToBundleIdentifierMap.watchOS of plug-in com.apple.dt.IDEWatchSupportCore&#10;xcodebuild: error: Could not resolve package dependencies:&#10;  Failed to clone repository git@github.com:bielikb/TextAttributes.git:&#10;    Cloning into bare repository &apos;/Users/borisbielik/Library/Developer/Xcode/DerivedData/XCFrameworks-ejagvuwdtljaqebdnkkoxaatpylw/SourcePackages/repositories/TextAttributes-171f04c7&apos;...&#10;    Host key verification failed.&#10;fatal: Could not read from remote repository.&#10;    Please make sure you have the correct access rights&#10;    and the repository exists.&#10;&#10;" />
        
      </testcase>
    
  </testsuite>
</testsuites>
